4-print_square.txt
===========================================================

This test file tests the `print_square` function in
`4-print_square` module.
___________________________________________________________


Importing module.
-----------------

::
    >>> print_square = __import__("4-print_square").print_square


Testing passing valid inputs to `print_square(size)`
----------------------------------------------------

::
    # Passing an integer as argument
    >>> print_square(6)
    ######
    ######
    ######
    ######
    ######
    ######

    # Passing 0 as argument
    >>> print_square(0)

    # Passing 1 as argument
    >>> print_square(1)
    #


Testing invalid inputs to `print_square(size)`
----------------------------------------------

::
    # Not passing any argument
    >>> print_square() # doctest: +ELLIPSIS
    Traceback (most recent call last):
        ...
    TypeError: print_square() missing 1 required positional argument: 'size'

    # Passing a string
    >>> print_square("square") # doctest: +ELLIPSIS
    Traceback (most recent call last):
        ...
    TypeError: size must be an integer

    # Passing undefined variable
    >>> print_square(s) # doctest: +ELLIPSIS
    Traceback (most recent call last):
        ...
    NameError: name 's' is not defined

    # Passing a non-zero float
    >>> print_square(0.5) # doctest: +ELLIPSIS
    Traceback (most recent call last):
        ...
    TypeError: size must be an integer

    # Passing a negative integer
    >>> print_square(-2) # doctest: +ELLIPSIS
    Traceback (most recent call last):
        ...
    ValueError: size must be >= 0
